<?xml version="1.0" encoding="UTF-8"?>
<!-- Generated by org.testng.reporters.JUnitReportReporter -->
<testsuite hostname="Akshaya-Laptop" failures="0" tests="1" name="TestCases.LoginSucess" time="3.961" errors="0" timestamp="2022-09-19T16:05:11 IST" skipped="0">
  <testcase classname="TestCases.LoginSucess" name="f" time="3.961"/>
  <system-out/>
</testsuite> <!-- TestCases.LoginSucess -->
