<?xml version="1.0" encoding="UTF-8"?>
<!-- Generated by org.testng.reporters.JUnitReportReporter -->
<testsuite hostname="Akshaya-Laptop" failures="0" tests="1" name="TestCases.getsingleresourses" time="0.546" errors="0" timestamp="2022-09-19T16:09:19 IST" skipped="0">
  <testcase classname="TestCases.getsingleresourses" name="f" time="0.546"/>
  <system-out/>
</testsuite> <!-- TestCases.getsingleresourses -->
