<?xml version="1.0" encoding="UTF-8"?>
<!-- Generated by org.testng.reporters.JUnitReportReporter -->
<testsuite hostname="Akshaya-Laptop" failures="0" tests="1" name="TestCases.postloginunsucessinvalid" time="2.161" errors="0" timestamp="2022-09-19T16:06:25 IST" skipped="0">
  <testcase classname="TestCases.postloginunsucessinvalid" name="f" time="2.161"/>
  <system-out/>
</testsuite> <!-- TestCases.postloginunsucessinvalid -->
