<?xml version="1.0" encoding="UTF-8"?>
<!-- Generated by org.testng.reporters.JUnitReportReporter -->
<testsuite hostname="Akshaya-Laptop" failures="0" tests="1" name="TestCases.Postregistersucess" time="1.021" errors="0" timestamp="2022-09-19T16:09:19 IST" skipped="0">
  <testcase classname="TestCases.Postregistersucess" name="f" time="1.021"/>
  <system-out/>
</testsuite> <!-- TestCases.Postregistersucess -->
