<?xml version="1.0" encoding="UTF-8"?>
<!-- Generated by org.testng.reporters.JUnitReportReporter -->
<testsuite hostname="Akshaya-Laptop" failures="0" tests="1" name="TestCases.postcreate" time="1.058" errors="0" timestamp="2022-09-19T16:09:19 IST" skipped="0">
  <testcase classname="TestCases.postcreate" name="f" time="1.058"/>
  <system-out/>
</testsuite> <!-- TestCases.postcreate -->
