<?xml version="1.0" encoding="UTF-8"?>
<!-- Generated by org.testng.reporters.JUnitReportReporter -->
<testsuite hostname="Akshaya-Laptop" failures="0" tests="1" name="TestCases.put" time="1.028" errors="0" timestamp="2022-09-19T16:09:19 IST" skipped="0">
  <testcase classname="TestCases.put" name="f" time="1.028"/>
  <system-out/>
</testsuite> <!-- TestCases.put -->
