<?xml version="1.0" encoding="UTF-8"?>
<!-- Generated by org.testng.reporters.JUnitReportReporter -->
<testsuite hostname="Akshaya-Laptop" failures="0" tests="1" name="TestCases.SingleUserNotFound" time="0.522" errors="0" timestamp="2022-09-19T16:09:19 IST" skipped="0">
  <testcase classname="TestCases.SingleUserNotFound" name="f" time="0.522"/>
  <system-out/>
</testsuite> <!-- TestCases.SingleUserNotFound -->
